{"/home/murasaki/code/phone-carrier/ui/src/App.tsx": {"path":"/home/murasaki/code/phone-carrier/ui/src/App.tsx","statementMap":{"0":{"start":{"line":4,"column":2},"end":{"line":8,"column":4}}},"fnMap":{"0":{"name":"App","decl":{"start":{"line":3,"column":9},"end":{"line":3,"column":12}},"loc":{"start":{"line":3,"column":15},"end":{"line":9,"column":1}},"line":3}},"branchMap":{},"s":{"0":0},"f":{"0":0},"b":{}}
,"/home/murasaki/code/phone-carrier/ui/src/main.tsx": {"path":"/home/murasaki/code/phone-carrier/ui/src/main.tsx","statementMap":{"0":{"start":{"line":6,"column":0},"end":{"line":10,"column":2}}},"fnMap":{},"branchMap":{},"s":{"0":0},"f":{},"b":{}}
,"/home/murasaki/code/phone-carrier/ui/src/components/index.ts": {"path":"/home/murasaki/code/phone-carrier/ui/src/components/index.ts","statementMap":{},"fnMap":{},"branchMap":{},"s":{},"f":{},"b":{}}
,"/home/murasaki/code/phone-carrier/ui/src/components/Icon/index.tsx": {"path":"/home/murasaki/code/phone-carrier/ui/src/components/Icon/index.tsx","statementMap":{"0":{"start":{"line":5,"column":20},"end":{"line":9,"column":1}},"1":{"start":{"line":6,"column":2},"end":{"line":6,"column":46}},"2":{"start":{"line":6,"column":27},"end":{"line":6,"column":46}},"3":{"start":{"line":8,"column":2},"end":{"line":8,"column":43}}},"fnMap":{"0":{"name":"(anonymous_0)","decl":{"start":{"line":5,"column":20},"end":{"line":5,"column":21}},"loc":{"start":{"line":5,"column":55},"end":{"line":9,"column":1}},"line":5}},"branchMap":{"0":{"loc":{"start":{"line":6,"column":2},"end":{"line":6,"column":46}},"type":"if","locations":[{"start":{"line":6,"column":2},"end":{"line":6,"column":46}},{"start":{},"end":{}}],"line":6}},"s":{"0":1,"1":2,"2":1,"3":1},"f":{"0":2},"b":{"0":[1,1]},"_coverageSchema":"1a1c01bbd47fc00a2c39e90264f33305004495a9","hash":"eb492af0f26315bfd211008da6e50087bbd10f2e"}
,"/home/murasaki/code/phone-carrier/ui/src/components/Icon/_components/index.tsx": {"path":"/home/murasaki/code/phone-carrier/ui/src/components/Icon/_components/index.tsx","statementMap":{},"fnMap":{},"branchMap":{},"s":{},"f":{},"b":{},"_coverageSchema":"1a1c01bbd47fc00a2c39e90264f33305004495a9","hash":"4fe95714c6e7e37a604e6a0d282a13fa96d37721"}
,"/home/murasaki/code/phone-carrier/ui/src/components/Icon/_components/IconFactory/index.tsx": {"path":"/home/murasaki/code/phone-carrier/ui/src/components/Icon/_components/IconFactory/index.tsx","statementMap":{"0":{"start":{"line":4,"column":27},"end":{"line":5,"column":34}},"1":{"start":{"line":5,"column":2},"end":{"line":5,"column":34}}},"fnMap":{"0":{"name":"(anonymous_0)","decl":{"start":{"line":4,"column":27},"end":{"line":4,"column":28}},"loc":{"start":{"line":5,"column":2},"end":{"line":5,"column":34}},"line":5}},"branchMap":{},"s":{"0":1,"1":1},"f":{"0":1},"b":{},"_coverageSchema":"1a1c01bbd47fc00a2c39e90264f33305004495a9","hash":"548739c91c2cec7d9f7df403afbbcaeda2e3e72f"}
,"/home/murasaki/code/phone-carrier/ui/src/components/Icon/_components/_icons/ArrowDown.tsx": {"path":"/home/murasaki/code/phone-carrier/ui/src/components/Icon/_components/_icons/ArrowDown.tsx","statementMap":{"0":{"start":{"line":3,"column":25},"end":{"line":23,"column":1}},"1":{"start":{"line":4,"column":2},"end":{"line":22,"column":4}},"2":{"start":{"line":6,"column":6},"end":{"line":20,"column":12}}},"fnMap":{"0":{"name":"(anonymous_0)","decl":{"start":{"line":3,"column":25},"end":{"line":3,"column":26}},"loc":{"start":{"line":4,"column":2},"end":{"line":22,"column":4}},"line":4},"1":{"name":"(anonymous_1)","decl":{"start":{"line":5,"column":9},"end":{"line":5,"column":10}},"loc":{"start":{"line":6,"column":6},"end":{"line":20,"column":12}},"line":6}},"branchMap":{},"s":{"0":1,"1":1,"2":1},"f":{"0":1,"1":1},"b":{},"_coverageSchema":"1a1c01bbd47fc00a2c39e90264f33305004495a9","hash":"7e26cd1d91b1dab5349a531233f74fd4c3dde391"}
,"/home/murasaki/code/phone-carrier/ui/src/components/Input/index.tsx": {"path":"/home/murasaki/code/phone-carrier/ui/src/components/Input/index.tsx","statementMap":{"0":{"start":{"line":5,"column":21},"end":{"line":47,"column":1}},"1":{"start":{"line":6,"column":28},"end":{"line":6,"column":40}},"2":{"start":{"line":7,"column":54},"end":{"line":7,"column":66}},"3":{"start":{"line":9,"column":18},"end":{"line":12,"column":3}},"4":{"start":{"line":10,"column":4},"end":{"line":10,"column":42}},"5":{"start":{"line":11,"column":4},"end":{"line":11,"column":55}},"6":{"start":{"line":14,"column":17},"end":{"line":19,"column":3}},"7":{"start":{"line":15,"column":30},"end":{"line":15,"column":46}},"8":{"start":{"line":16,"column":4},"end":{"line":16,"column":40}},"9":{"start":{"line":18,"column":4},"end":{"line":18,"column":78}},"10":{"start":{"line":21,"column":19},"end":{"line":24,"column":3}},"11":{"start":{"line":22,"column":4},"end":{"line":22,"column":44}},"12":{"start":{"line":23,"column":4},"end":{"line":23,"column":33}},"13":{"start":{"line":26,"column":2},"end":{"line":46,"column":4}}},"fnMap":{"0":{"name":"(anonymous_0)","decl":{"start":{"line":5,"column":21},"end":{"line":5,"column":22}},"loc":{"start":{"line":5,"column":65},"end":{"line":47,"column":1}},"line":5},"1":{"name":"(anonymous_1)","decl":{"start":{"line":9,"column":18},"end":{"line":9,"column":19}},"loc":{"start":{"line":9,"column":68},"end":{"line":12,"column":3}},"line":9},"2":{"name":"(anonymous_2)","decl":{"start":{"line":14,"column":17},"end":{"line":14,"column":18}},"loc":{"start":{"line":14,"column":67},"end":{"line":19,"column":3}},"line":14},"3":{"name":"(anonymous_3)","decl":{"start":{"line":21,"column":19},"end":{"line":21,"column":20}},"loc":{"start":{"line":21,"column":61},"end":{"line":24,"column":3}},"line":21}},"branchMap":{"0":{"loc":{"start":{"line":10,"column":4},"end":{"line":10,"column":41}},"type":"binary-expr","locations":[{"start":{"line":10,"column":4},"end":{"line":10,"column":17}},{"start":{"line":10,"column":21},"end":{"line":10,"column":41}}],"line":10},"1":{"loc":{"start":{"line":16,"column":4},"end":{"line":16,"column":39}},"type":"binary-expr","locations":[{"start":{"line":16,"column":4},"end":{"line":16,"column":16}},{"start":{"line":16,"column":20},"end":{"line":16,"column":39}}],"line":16},"2":{"loc":{"start":{"line":18,"column":4},"end":{"line":18,"column":77}},"type":"binary-expr","locations":[{"start":{"line":18,"column":4},"end":{"line":18,"column":21}},{"start":{"line":18,"column":25},"end":{"line":18,"column":77}}],"line":18},"3":{"loc":{"start":{"line":22,"column":4},"end":{"line":22,"column":43}},"type":"binary-expr","locations":[{"start":{"line":22,"column":4},"end":{"line":22,"column":18}},{"start":{"line":22,"column":22},"end":{"line":22,"column":43}}],"line":22}},"s":{"0":1,"1":3,"2":3,"3":3,"4":1,"5":1,"6":3,"7":1,"8":1,"9":1,"10":3,"11":1,"12":1,"13":3},"f":{"0":3,"1":1,"2":1,"3":1},"b":{"0":[1,0],"1":[1,0],"2":[1,1],"3":[1,0]},"_coverageSchema":"1a1c01bbd47fc00a2c39e90264f33305004495a9","hash":"f727051d03a7b20becf0b2f4862c8d3010154ca1"}
,"/home/murasaki/code/phone-carrier/ui/src/components/Layout/index.tsx": {"path":"/home/murasaki/code/phone-carrier/ui/src/components/Layout/index.tsx","statementMap":{"0":{"start":{"line":4,"column":22},"end":{"line":10,"column":1}},"1":{"start":{"line":5,"column":2},"end":{"line":9,"column":9}}},"fnMap":{"0":{"name":"(anonymous_0)","decl":{"start":{"line":4,"column":22},"end":{"line":4,"column":23}},"loc":{"start":{"line":5,"column":2},"end":{"line":9,"column":9}},"line":5}},"branchMap":{},"s":{"0":0,"1":0},"f":{"0":0},"b":{}}
,"/home/murasaki/code/phone-carrier/ui/src/components/Layout/_components/index.ts": {"path":"/home/murasaki/code/phone-carrier/ui/src/components/Layout/_components/index.ts","statementMap":{},"fnMap":{},"branchMap":{},"s":{},"f":{},"b":{}}
,"/home/murasaki/code/phone-carrier/ui/src/components/Layout/_components/Footer/index.tsx": {"path":"/home/murasaki/code/phone-carrier/ui/src/components/Layout/_components/Footer/index.tsx","statementMap":{"0":{"start":{"line":5,"column":22},"end":{"line":25,"column":1}},"1":{"start":{"line":6,"column":2},"end":{"line":24,"column":11}}},"fnMap":{"0":{"name":"(anonymous_0)","decl":{"start":{"line":5,"column":22},"end":{"line":5,"column":23}},"loc":{"start":{"line":6,"column":2},"end":{"line":24,"column":11}},"line":6}},"branchMap":{},"s":{"0":0,"1":0},"f":{"0":0},"b":{}}
,"/home/murasaki/code/phone-carrier/ui/src/components/Layout/_components/Navigation/index.tsx": {"path":"/home/murasaki/code/phone-carrier/ui/src/components/Layout/_components/Navigation/index.tsx","statementMap":{"0":{"start":{"line":2,"column":26},"end":{"line":7,"column":1}},"1":{"start":{"line":3,"column":2},"end":{"line":6,"column":8}}},"fnMap":{"0":{"name":"(anonymous_0)","decl":{"start":{"line":2,"column":26},"end":{"line":2,"column":27}},"loc":{"start":{"line":3,"column":2},"end":{"line":6,"column":8}},"line":3}},"branchMap":{},"s":{"0":0,"1":0},"f":{"0":0},"b":{}}
,"/home/murasaki/code/phone-carrier/ui/src/components/Text/index.tsx": {"path":"/home/murasaki/code/phone-carrier/ui/src/components/Text/index.tsx","statementMap":{"0":{"start":{"line":6,"column":20},"end":{"line":15,"column":4}},"1":{"start":{"line":12,"column":2},"end":{"line":15,"column":4}}},"fnMap":{"0":{"name":"(anonymous_0)","decl":{"start":{"line":6,"column":20},"end":{"line":6,"column":21}},"loc":{"start":{"line":12,"column":2},"end":{"line":15,"column":4}},"line":12}},"branchMap":{"0":{"loc":{"start":{"line":7,"column":2},"end":{"line":7,"column":18}},"type":"default-arg","locations":[{"start":{"line":7,"column":12},"end":{"line":7,"column":18}}],"line":7},"1":{"loc":{"start":{"line":8,"column":2},"end":{"line":8,"column":17}},"type":"default-arg","locations":[{"start":{"line":8,"column":10},"end":{"line":8,"column":17}}],"line":8},"2":{"loc":{"start":{"line":9,"column":2},"end":{"line":9,"column":20}},"type":"default-arg","locations":[{"start":{"line":9,"column":11},"end":{"line":9,"column":20}}],"line":9}},"s":{"0":1,"1":1},"f":{"0":1},"b":{"0":[1],"1":[1],"2":[1]},"_coverageSchema":"1a1c01bbd47fc00a2c39e90264f33305004495a9","hash":"65a6be4c8952a679f2ea641bb095bf97f22d15c8"}
,"/home/murasaki/code/phone-carrier/ui/src/enums/TestIdLibrary.ts": {"path":"/home/murasaki/code/phone-carrier/ui/src/enums/TestIdLibrary.ts","statementMap":{},"fnMap":{},"branchMap":{},"s":{},"f":{},"b":{},"_coverageSchema":"1a1c01bbd47fc00a2c39e90264f33305004495a9","hash":"ee19305970899c8e8cb314fe8a355f3323dea6c8"}
}
