{"/home/murasaki/code/phone-carrier/ui/src/App.tsx": {"path":"/home/murasaki/code/phone-carrier/ui/src/App.tsx","statementMap":{"0":{"start":{"line":5,"column":2},"end":{"line":30,"column":4}}},"fnMap":{"0":{"name":"App","decl":{"start":{"line":4,"column":9},"end":{"line":4,"column":12}},"loc":{"start":{"line":4,"column":15},"end":{"line":31,"column":1}},"line":4}},"branchMap":{},"s":{"0":0},"f":{"0":0},"b":{}}
,"/home/murasaki/code/phone-carrier/ui/src/main.tsx": {"path":"/home/murasaki/code/phone-carrier/ui/src/main.tsx","statementMap":{"0":{"start":{"line":6,"column":0},"end":{"line":10,"column":2}}},"fnMap":{},"branchMap":{},"s":{"0":0},"f":{},"b":{}}
,"/home/murasaki/code/phone-carrier/ui/src/components/index.ts": {"path":"/home/murasaki/code/phone-carrier/ui/src/components/index.ts","statementMap":{},"fnMap":{},"branchMap":{},"s":{},"f":{},"b":{}}
,"/home/murasaki/code/phone-carrier/ui/src/components/Layout/index.tsx": {"path":"/home/murasaki/code/phone-carrier/ui/src/components/Layout/index.tsx","statementMap":{"0":{"start":{"line":4,"column":22},"end":{"line":10,"column":1}},"1":{"start":{"line":5,"column":2},"end":{"line":9,"column":9}}},"fnMap":{"0":{"name":"(anonymous_0)","decl":{"start":{"line":4,"column":22},"end":{"line":4,"column":23}},"loc":{"start":{"line":5,"column":2},"end":{"line":9,"column":9}},"line":5}},"branchMap":{},"s":{"0":0,"1":0},"f":{"0":0},"b":{}}
,"/home/murasaki/code/phone-carrier/ui/src/components/Layout/types.ts": {"path":"/home/murasaki/code/phone-carrier/ui/src/components/Layout/types.ts","statementMap":{},"fnMap":{},"branchMap":{},"s":{},"f":{},"b":{}}
,"/home/murasaki/code/phone-carrier/ui/src/components/Layout/_components/index.ts": {"path":"/home/murasaki/code/phone-carrier/ui/src/components/Layout/_components/index.ts","statementMap":{},"fnMap":{},"branchMap":{},"s":{},"f":{},"b":{}}
,"/home/murasaki/code/phone-carrier/ui/src/components/Layout/_components/Footer/index.tsx": {"path":"/home/murasaki/code/phone-carrier/ui/src/components/Layout/_components/Footer/index.tsx","statementMap":{"0":{"start":{"line":5,"column":22},"end":{"line":25,"column":1}},"1":{"start":{"line":6,"column":2},"end":{"line":24,"column":11}}},"fnMap":{"0":{"name":"(anonymous_0)","decl":{"start":{"line":5,"column":22},"end":{"line":5,"column":23}},"loc":{"start":{"line":6,"column":2},"end":{"line":24,"column":11}},"line":6}},"branchMap":{},"s":{"0":0,"1":0},"f":{"0":0},"b":{}}
,"/home/murasaki/code/phone-carrier/ui/src/components/Layout/_components/Footer/types.ts": {"path":"/home/murasaki/code/phone-carrier/ui/src/components/Layout/_components/Footer/types.ts","statementMap":{},"fnMap":{},"branchMap":{},"s":{},"f":{},"b":{}}
,"/home/murasaki/code/phone-carrier/ui/src/components/Layout/_components/Navigation/index.tsx": {"path":"/home/murasaki/code/phone-carrier/ui/src/components/Layout/_components/Navigation/index.tsx","statementMap":{"0":{"start":{"line":2,"column":26},"end":{"line":7,"column":1}},"1":{"start":{"line":3,"column":2},"end":{"line":6,"column":8}}},"fnMap":{"0":{"name":"(anonymous_0)","decl":{"start":{"line":2,"column":26},"end":{"line":2,"column":27}},"loc":{"start":{"line":3,"column":2},"end":{"line":6,"column":8}},"line":3}},"branchMap":{},"s":{"0":0,"1":0},"f":{"0":0},"b":{}}
,"/home/murasaki/code/phone-carrier/ui/src/components/Text/index.tsx": {"path":"/home/murasaki/code/phone-carrier/ui/src/components/Text/index.tsx","statementMap":{"0":{"start":{"line":6,"column":20},"end":{"line":16,"column":4}},"1":{"start":{"line":12,"column":2},"end":{"line":16,"column":4}}},"fnMap":{"0":{"name":"(anonymous_0)","decl":{"start":{"line":6,"column":20},"end":{"line":6,"column":21}},"loc":{"start":{"line":12,"column":2},"end":{"line":16,"column":4}},"line":12}},"branchMap":{"0":{"loc":{"start":{"line":7,"column":2},"end":{"line":7,"column":18}},"type":"default-arg","locations":[{"start":{"line":7,"column":12},"end":{"line":7,"column":18}}],"line":7},"1":{"loc":{"start":{"line":8,"column":2},"end":{"line":8,"column":17}},"type":"default-arg","locations":[{"start":{"line":8,"column":10},"end":{"line":8,"column":17}}],"line":8},"2":{"loc":{"start":{"line":9,"column":2},"end":{"line":9,"column":20}},"type":"default-arg","locations":[{"start":{"line":9,"column":11},"end":{"line":9,"column":20}}],"line":9}},"s":{"0":0,"1":0},"f":{"0":0},"b":{"0":[0],"1":[0],"2":[0]}}
,"/home/murasaki/code/phone-carrier/ui/src/components/Text/types.ts": {"path":"/home/murasaki/code/phone-carrier/ui/src/components/Text/types.ts","statementMap":{},"fnMap":{},"branchMap":{},"s":{},"f":{},"b":{}}
}
