TN:
SF:src/App.tsx
FN:5,App
FNF:1
FNH:0
FNDA:0,App
DA:6,0
LF:1
LH:0
BRF:0
BRH:0
end_of_record
TN:
SF:src/main.tsx
FNF:0
FNH:0
DA:6,0
LF:1
LH:0
BRF:0
BRH:0
end_of_record
TN:
SF:src/components/index.ts
FNF:0
FNH:0
LF:0
LH:0
BRF:0
BRH:0
end_of_record
TN:
SF:src/components/Input/index.tsx
FN:6,(anonymous_0)
FN:10,(anonymous_1)
FN:15,(anonymous_2)
FN:22,(anonymous_3)
FNF:4
FNH:4
FNDA:3,(anonymous_0)
FNDA:1,(anonymous_1)
FNDA:1,(anonymous_2)
FNDA:1,(anonymous_3)
DA:6,1
DA:7,3
DA:8,3
DA:10,3
DA:11,1
DA:12,1
DA:15,3
DA:16,1
DA:17,1
DA:19,1
DA:22,3
DA:23,1
DA:24,1
DA:27,3
LF:14
LH:14
BRDA:11,0,0,1
BRDA:11,0,1,0
BRDA:17,1,0,1
BRDA:17,1,1,0
BRDA:19,2,0,1
BRDA:19,2,1,1
BRDA:23,3,0,1
BRDA:23,3,1,0
BRF:8
BRH:5
end_of_record
TN:
SF:src/components/Layout/index.tsx
FN:4,(anonymous_0)
FNF:1
FNH:0
FNDA:0,(anonymous_0)
DA:4,0
DA:5,0
LF:2
LH:0
BRF:0
BRH:0
end_of_record
TN:
SF:src/components/Layout/_components/index.ts
FNF:0
FNH:0
LF:0
LH:0
BRF:0
BRH:0
end_of_record
TN:
SF:src/components/Layout/_components/Footer/index.tsx
FN:5,(anonymous_0)
FNF:1
FNH:0
FNDA:0,(anonymous_0)
DA:5,0
DA:6,0
LF:2
LH:0
BRF:0
BRH:0
end_of_record
TN:
SF:src/components/Layout/_components/Navigation/index.tsx
FN:2,(anonymous_0)
FNF:1
FNH:0
FNDA:0,(anonymous_0)
DA:2,0
DA:3,0
LF:2
LH:0
BRF:0
BRH:0
end_of_record
TN:
SF:src/components/Select/index.tsx
FN:7,(anonymous_0)
FN:15,(anonymous_1)
FN:19,(anonymous_2)
FNF:3
FNH:3
FNDA:4,(anonymous_0)
FNDA:1,(anonymous_1)
FNDA:1,(anonymous_2)
DA:7,1
DA:8,4
DA:9,4
DA:10,4
DA:11,4
DA:13,4
DA:15,4
DA:16,1
DA:19,4
DA:20,1
DA:21,1
DA:22,1
DA:25,4
DA:27,4
LF:14
LH:14
BRDA:13,0,0,4
BRDA:13,0,1,1
BRDA:20,1,0,1
BRDA:20,1,1,1
BRF:4
BRH:4
end_of_record
TN:
SF:src/components/Select/_components/index.ts
FNF:0
FNH:0
LF:0
LH:0
BRF:0
BRH:0
end_of_record
TN:
SF:src/components/Select/_components/Dropdown/index.tsx
FN:6,(anonymous_0)
FN:16,(anonymous_1)
FNF:2
FNH:2
FNDA:7,(anonymous_0)
FNDA:4,(anonymous_1)
DA:6,2
DA:11,7
DA:17,4
LF:3
LH:3
BRDA:7,0,0,1
BRDA:8,1,0,1
BRDA:11,2,0,3
BRDA:11,2,1,4
BRF:4
BRH:4
end_of_record
TN:
SF:src/components/Select/_components/Option/index.tsx
FN:6,(anonymous_0)
FN:9,(anonymous_1)
FNF:2
FNH:2
FNDA:6,(anonymous_0)
FNDA:3,(anonymous_1)
DA:6,3
DA:7,6
DA:10,3
LF:3
LH:3
BRDA:10,0,0,3
BRDA:10,0,1,3
BRF:2
BRH:2
end_of_record
TN:
SF:src/components/Select/_components/Select/index.tsx
FN:6,(anonymous_0)
FNF:1
FNH:1
FNDA:5,(anonymous_0)
DA:6,2
DA:7,5
LF:2
LH:2
BRF:0
BRH:0
end_of_record
TN:
SF:src/components/Text/index.tsx
FN:7,(anonymous_0)
FNF:1
FNH:1
FNDA:17,(anonymous_0)
DA:7,5
DA:13,17
LF:2
LH:2
BRDA:8,0,0,6
BRDA:9,1,0,17
BRDA:10,2,0,17
BRF:3
BRH:3
end_of_record
TN:
SF:src/enums/TestIdLibrary.ts
FNF:0
FNH:0
LF:0
LH:0
BRF:0
BRH:0
end_of_record
TN:
SF:src/hooks/useClickOutside.tsx
FN:4,(anonymous_0)
FN:5,(anonymous_1)
FN:6,(anonymous_2)
FN:7,handleClickOutside
FN:14,(anonymous_4)
FNF:5
FNH:4
FNDA:4,(anonymous_0)
FNDA:4,(anonymous_1)
FNDA:4,(anonymous_2)
FNDA:0,handleClickOutside
FNDA:4,(anonymous_4)
DA:4,1
DA:5,4
DA:6,4
DA:8,0
DA:9,0
DA:13,4
DA:14,4
DA:16,4
LF:8
LH:6
BRDA:8,0,0,0
BRDA:8,0,1,0
BRDA:8,1,0,0
BRDA:8,1,1,0
BRF:4
BRH:0
end_of_record
